{
  "RSpec": {
    "coverage": {
      "/Users/apprentice/Desktop/PairBnB/app/helpers/application_helper.rb": [
        1,
        null,
        1,
        0,
        null,
        null,
        null
      ],
      "/Users/apprentice/Desktop/PairBnB/app/helpers/availabilities_helper.rb": [
        1,
        null
      ],
      "/Users/apprentice/Desktop/PairBnB/app/helpers/images_helper.rb": [
        1,
        null
      ],
      "/Users/apprentice/Desktop/PairBnB/app/helpers/messages_helper.rb": [
        1,
        null
      ],
      "/Users/apprentice/Desktop/PairBnB/app/helpers/pairings_helper.rb": [
        1,
        null
      ],
      "/Users/apprentice/Desktop/PairBnB/app/helpers/requests_helper.rb": [
        1,
        null
      ],
      "/Users/apprentice/Desktop/PairBnB/app/helpers/residences_helper.rb": [
        1,
        null
      ],
      "/Users/apprentice/Desktop/PairBnB/app/helpers/sessions_helper.rb": [
        1,
        null
      ],
      "/Users/apprentice/Desktop/PairBnB/app/helpers/shoutouts_helper.rb": [
        1,
        null
      ],
      "/Users/apprentice/Desktop/PairBnB/app/helpers/users_helper.rb": [
        1,
        null
      ],
      "/Users/apprentice/Desktop/PairBnB/app/controllers/residences_controller.rb": [
        1,
        1,
        1,
        null,
        null,
        1,
        0,
        0,
        0,
        null,
        null,
        null,
        1,
        2,
        2,
        2,
        null,
        null,
        1,
        1,
        null,
        null,
        1,
        3,
        3,
        3,
        1,
        null,
        2,
        null,
        null,
        null,
        1,
        0,
        0,
        0,
        0,
        null,
        null,
        1,
        0,
        null,
        null,
        1,
        0,
        0,
        0,
        null,
        null,
        1,
        1,
        3,
        null,
        null
      ],
      "/Users/apprentice/Desktop/PairBnB/app/controllers/application_controller.rb": [
        1,
        null,
        null,
        1,
        null,
        null,
        null,
        1,
        null,
        null,
        null,
        null,
        null,
        1,
        0,
        null,
        1,
        0,
        null,
        null
      ],
      "/Users/apprentice/Desktop/PairBnB/app/models/user.rb": [
        1,
        1,
        1,
        1,
        1,
        null,
        null,
        1,
        1,
        1,
        1,
        1,
        1,
        1,
        1,
        1,
        1,
        1,
        null,
        1,
        null
      ],
      "/Users/apprentice/Desktop/PairBnB/app/models/residence.rb": [
        1,
        1,
        null,
        1,
        1,
        1,
        null,
        1,
        null,
        null,
        1,
        0,
        0,
        0,
        null,
        0,
        null,
        null,
        null,
        null
      ],
      "/Users/apprentice/Desktop/PairBnB/app/models/message.rb": [
        1,
        1,
        null,
        1,
        1,
        null
      ]
    },
    "timestamp": 1417534872
  }
}
