{
  "RSpec": {
    "coverage": {
      "/Users/apprentice/Desktop/PairBnB/app/helpers/application_helper.rb": [
        1,
        null,
        1,
        5,
        null,
        null,
        null
      ],
      "/Users/apprentice/Desktop/PairBnB/app/helpers/availabilities_helper.rb": [
        1,
        null
      ],
      "/Users/apprentice/Desktop/PairBnB/app/helpers/images_helper.rb": [
        1,
        null
      ],
      "/Users/apprentice/Desktop/PairBnB/app/helpers/messages_helper.rb": [
        1,
        null
      ],
      "/Users/apprentice/Desktop/PairBnB/app/helpers/pairings_helper.rb": [
        1,
        null
      ],
      "/Users/apprentice/Desktop/PairBnB/app/helpers/residences_helper.rb": [
        1,
        null
      ],
      "/Users/apprentice/Desktop/PairBnB/app/helpers/sessions_helper.rb": [
        1,
        null
      ],
      "/Users/apprentice/Desktop/PairBnB/app/helpers/shoutouts_helper.rb": [
        1,
        null
      ],
      "/Users/apprentice/Desktop/PairBnB/app/helpers/users_helper.rb": [
        1,
        null
      ],
      "/Users/apprentice/Desktop/PairBnB/app/controllers/messages_controller.rb": [
        1,
        1,
        null,
        null,
        1,
        1,
        null,
        null,
        1,
        0,
        0,
        0,
        0,
        0,
        null,
        0,
        null,
        null,
        1,
        0,
        0,
        0,
        0,
        0,
        null,
        0,
        null,
        null,
        null,
        1,
        null,
        null,
        null
      ],
      "/Users/apprentice/Desktop/PairBnB/app/controllers/application_controller.rb": [
        1,
        null,
        null,
        1,
        null,
        null,
        null,
        1,
        null,
        null,
        null,
        null,
        null
      ],
      "/Users/apprentice/Desktop/PairBnB/app/controllers/residences_controller.rb": [
        1,
        1,
        1,
        null,
        null,
        1,
        1,
        1,
        1,
        null,
        null,
        null,
        1,
        2,
        2,
        2,
        null,
        null,
        1,
        1,
        null,
        null,
        1,
        3,
        3,
        3,
        1,
        null,
        2,
        null,
        null,
        null,
        1,
        0,
        0,
        0,
        0,
        null,
        null,
        1,
        0,
        null,
        null,
        1,
        0,
        0,
        0,
        null,
        null,
        1,
        1,
        3,
        null,
        null
      ],
      "/Users/apprentice/Desktop/PairBnB/app/controllers/users_controller.rb": [
        1,
        1,
        3,
        null,
        null,
        1,
        6,
        6,
        4,
        4,
        null,
        2,
        null,
        null,
        null,
        1,
        5,
        5,
        1,
        1,
        null,
        4,
        4,
        4,
        4,
        null,
        null,
        null,
        1,
        1,
        null,
        null,
        1,
        0,
        0,
        0,
        null,
        0,
        null,
        null,
        null,
        1,
        null,
        null,
        1,
        1,
        6,
        null,
        null,
        null
      ],
      "/Users/apprentice/Desktop/PairBnB/app/models/availability.rb": [
        1,
        1,
        1,
        null
      ],
      "/Users/apprentice/Desktop/PairBnB/app/models/message.rb": [
        1,
        1,
        null,
        1,
        1,
        null
      ],
      "/Users/apprentice/Desktop/PairBnB/app/models/pairing.rb": [
        1,
        1,
        null,
        1,
        1,
        null
      ],
      "/Users/apprentice/Desktop/PairBnB/app/models/residence.rb": [
        1,
        1,
        null,
        1,
        1,
        1,
        null,
        null,
        1,
        0,
        0,
        0,
        null,
        0,
        null,
        null
      ],
      "/Users/apprentice/Desktop/PairBnB/app/models/shoutout.rb": [
        1,
        1,
        null,
        1,
        1,
        null,
        null
      ],
      "/Users/apprentice/Desktop/PairBnB/app/models/user.rb": [
        1,
        1,
        1,
        1,
        1,
        null,
        null,
        1,
        1,
        1,
        1,
        1,
        1,
        1,
        1,
        1,
        null,
        1,
        null
      ],
      "/Users/apprentice/Desktop/PairBnB/app/models/image.rb": [
        1,
        1,
        null
      ],
      "/Users/apprentice/Desktop/PairBnB/app/controllers/sessions_controller.rb": [
        1,
        1,
        8,
        7,
        null,
        null,
        null,
        1,
        3,
        3,
        3,
        3,
        null,
        0,
        0,
        null,
        null,
        null,
        1,
        0,
        0,
        null,
        null
      ]
    },
    "timestamp": 1417398668
  }
}
